<?xml version="1.0" encoding="UTF-8"?>
<!-- Generated by org.testng.reporters.JUnitXMLReporter -->
<testsuite ignored="14" hostname="DESKTOP-BSS5US9" failures="0" tests="1" name="Default test" time="41.604" errors="0" timestamp="2024-01-26T23:46:45 IST">
  <testcase classname="com.WebSiteTesting.WebTesting" name="WindowHandle" time="41.579"/>
  <testcase classname="com.WebSiteTesting.WebTesting" name="RegisterScreenTest" time="0.0">
    <ignored/>
  </testcase> <!-- RegisterScreenTest -->
  <testcase classname="com.WebSiteTesting.WebTesting" name="LoginTest" time="0.0">
    <ignored/>
  </testcase> <!-- LoginTest -->
  <testcase classname="com.WebSiteTesting.WebTesting" name="Resizable" time="0.0">
    <ignored/>
  </testcase> <!-- Resizable -->
  <testcase classname="com.WebSiteTesting.WebTesting" name="RadioAndCheckBoxValidate" time="0.0">
    <ignored/>
  </testcase> <!-- RadioAndCheckBoxValidate -->
  <testcase classname="com.WebSiteTesting.WebTesting" name="SwitchingToMultipleWindow" time="0.0">
    <ignored/>
  </testcase> <!-- SwitchingToMultipleWindow -->
  <testcase classname="com.WebSiteTesting.WebTesting" name="Slider" time="0.0">
    <ignored/>
  </testcase> <!-- Slider -->
  <testcase classname="com.WebSiteTesting.WebTesting" name="SwitchingToFrame" time="0.0">
    <ignored/>
  </testcase> <!-- SwitchingToFrame -->
  <testcase classname="com.WebSiteTesting.WebTesting" name="SwitchingToModal" time="0.0">
    <ignored/>
  </testcase> <!-- SwitchingToModal -->
  <testcase classname="com.WebSiteTesting.WebTesting" name="SwitchingToMultipleModal" time="0.0">
    <ignored/>
  </testcase> <!-- SwitchingToMultipleModal -->
  <testcase classname="com.WebSiteTesting.WebTesting" name="DatePicker" time="0.0">
    <ignored/>
  </testcase> <!-- DatePicker -->
  <testcase classname="com.WebSiteTesting.WebTesting" name="AlertWindow" time="0.0">
    <ignored/>
  </testcase> <!-- AlertWindow -->
  <testcase classname="com.WebSiteTesting.WebTesting" name="DragAndDrop" time="0.0">
    <ignored/>
  </testcase> <!-- DragAndDrop -->
  <testcase classname="com.WebSiteTesting.WebTesting" name="TakingScreenShot" time="0.0">
    <ignored/>
  </testcase> <!-- TakingScreenShot -->
  <testcase classname="com.WebSiteTesting.WebTesting" name="Robot_Automate" time="0.0">
    <ignored/>
  </testcase> <!-- Robot_Automate -->
</testsuite> <!-- Default test -->
