<?xml version="1.0" encoding="UTF-8"?>
<!-- Generated by org.testng.reporters.JUnitXMLReporter -->
<testsuite ignored="10" hostname="DESKTOP-BSS5US9" failures="0" tests="1" name="Default test" time="42.803" errors="0" timestamp="2024-01-20T12:31:33 IST">
  <testcase classname="com.WebSiteTesting.WebTesting" name="SwitchingToMultipleModal" time="42.776"/>
  <testcase classname="com.WebSiteTesting.WebTesting" name="DatePicker" time="0.0">
    <ignored/>
  </testcase> <!-- DatePicker -->
  <testcase classname="com.WebSiteTesting.WebTesting" name="AlertWindow" time="0.0">
    <ignored/>
  </testcase> <!-- AlertWindow -->
  <testcase classname="com.WebSiteTesting.WebTesting" name="LoginTest" time="0.0">
    <ignored/>
  </testcase> <!-- LoginTest -->
  <testcase classname="com.WebSiteTesting.WebTesting" name="RegisterScreenTest" time="0.0">
    <ignored/>
  </testcase> <!-- RegisterScreenTest -->
  <testcase classname="com.WebSiteTesting.WebTesting" name="Resizable" time="0.0">
    <ignored/>
  </testcase> <!-- Resizable -->
  <testcase classname="com.WebSiteTesting.WebTesting" name="RadioAndCheckBoxValidate" time="0.0">
    <ignored/>
  </testcase> <!-- RadioAndCheckBoxValidate -->
  <testcase classname="com.WebSiteTesting.WebTesting" name="DragAndDrop" time="0.0">
    <ignored/>
  </testcase> <!-- DragAndDrop -->
  <testcase classname="com.WebSiteTesting.WebTesting" name="Slider" time="0.0">
    <ignored/>
  </testcase> <!-- Slider -->
  <testcase classname="com.WebSiteTesting.WebTesting" name="SwitchingToFrame" time="0.0">
    <ignored/>
  </testcase> <!-- SwitchingToFrame -->
  <testcase classname="com.WebSiteTesting.WebTesting" name="SwitchingToModal" time="0.0">
    <ignored/>
  </testcase> <!-- SwitchingToModal -->
</testsuite> <!-- Default test -->
