<?xml version="1.0" encoding="UTF-8"?>
<testng-results ignored="16" total="17" passed="1" failed="0" skipped="0">
  <reporter-output>
  </reporter-output>
  <suite started-at="2024-01-27T15:15:34 IST" name="Default suite" finished-at="2024-01-27T15:15:47 IST" duration-ms="12946">
    <groups>
    </groups>
    <test started-at="2024-01-27T15:15:34 IST" name="Default test" finished-at="2024-01-27T15:15:47 IST" duration-ms="12946">
      <class name="com.WebSiteTesting.WebTesting">
        <test-method is-config="true" signature="beforeSuite()[pri:0, instance:com.WebSiteTesting.WebTesting@7c24b813]" started-at="2024-01-27T15:15:34 IST" name="beforeSuite" finished-at="2024-01-27T15:15:34 IST" duration-ms="7" status="PASS">
          <reporter-output>
          </reporter-output>
        </test-method> <!-- beforeSuite -->
        <test-method is-config="true" signature="beforeTest()[pri:0, instance:com.WebSiteTesting.WebTesting@7c24b813]" started-at="2024-01-27T15:15:34 IST" name="beforeTest" finished-at="2024-01-27T15:15:34 IST" duration-ms="0" status="PASS">
          <reporter-output>
          </reporter-output>
        </test-method> <!-- beforeTest -->
        <test-method signature="FileUpload()[pri:14, instance:com.WebSiteTesting.WebTesting@7c24b813]" started-at="2024-01-27T15:15:34 IST" name="FileUpload" finished-at="2024-01-27T15:15:47 IST" duration-ms="12921" status="PASS">
          <reporter-output>
          </reporter-output>
        </test-method> <!-- FileUpload -->
      </class> <!-- com.WebSiteTesting.WebTesting -->
    </test> <!-- Default test -->
  </suite> <!-- Default suite -->
</testng-results>
