<?xml version="1.0" encoding="UTF-8"?>
<testng-results ignored="14" total="15" passed="1" failed="0" skipped="0">
  <reporter-output>
  </reporter-output>
  <suite started-at="2024-01-26T23:46:03 IST" name="Default suite" finished-at="2024-01-26T23:46:45 IST" duration-ms="41604">
    <groups>
    </groups>
    <test started-at="2024-01-26T23:46:03 IST" name="Default test" finished-at="2024-01-26T23:46:45 IST" duration-ms="41604">
      <class name="com.WebSiteTesting.WebTesting">
        <test-method is-config="true" signature="beforeSuite()[pri:0, instance:com.WebSiteTesting.WebTesting@5d7148e2]" started-at="2024-01-26T23:45:46 IST" name="beforeSuite" finished-at="2024-01-26T23:46:03 IST" duration-ms="17298" status="PASS">
          <reporter-output>
          </reporter-output>
        </test-method> <!-- beforeSuite -->
        <test-method is-config="true" signature="beforeTest()[pri:0, instance:com.WebSiteTesting.WebTesting@5d7148e2]" started-at="2024-01-26T23:46:03 IST" name="beforeTest" finished-at="2024-01-26T23:46:03 IST" duration-ms="0" status="PASS">
          <reporter-output>
          </reporter-output>
        </test-method> <!-- beforeTest -->
        <test-method signature="WindowHandle()[pri:13, instance:com.WebSiteTesting.WebTesting@5d7148e2]" started-at="2024-01-26T23:46:03 IST" name="WindowHandle" finished-at="2024-01-26T23:46:45 IST" duration-ms="41579" status="PASS">
          <reporter-output>
          </reporter-output>
        </test-method> <!-- WindowHandle -->
      </class> <!-- com.WebSiteTesting.WebTesting -->
    </test> <!-- Default test -->
  </suite> <!-- Default suite -->
</testng-results>
